{
  "RSpec": {
    "coverage": {
      "/home/antonio/Escritorio/Dropbox/workspace/P4_100/app/controllers/application_controller.rb": [
        1,
        1,
        null
      ],
      "/home/antonio/Escritorio/Dropbox/workspace/P4_100/app/helpers/application_helper.rb": [
        1,
        null
      ],
      "/home/antonio/Escritorio/Dropbox/workspace/P4_100/app/helpers/movies_helper.rb": [
        1,
        null,
        1,
        0,
        null,
        null
      ],
      "/home/antonio/Escritorio/Dropbox/workspace/P4_100/app/controllers/movies_controller.rb": [
        1,
        null,
        1,
        3,
        3,
        null,
        null,
        null,
        1,
        5,
        5,
        null,
        1,
        null,
        1,
        null,
        5,
        5,
        null,
        5,
        30,
        null,
        null,
        5,
        2,
        2,
        2,
        null,
        null,
        3,
        0,
        0,
        0,
        0,
        null,
        3,
        null,
        null,
        1,
        null,
        null,
        null,
        1,
        4,
        4,
        4,
        null,
        null,
        1,
        2,
        null,
        null,
        1,
        5,
        5,
        5,
        5,
        null,
        null,
        1,
        4,
        4,
        4,
        4,
        null,
        null,
        1,
        8,
        8,
        8,
        8,
        5,
        null,
        3,
        3,
        null,
        null,
        null,
        1,
        7,
        7,
        5,
        2,
        2,
        null,
        2,
        2,
        2,
        null,
        null,
        null,
        null
      ],
      "/home/antonio/Escritorio/Dropbox/workspace/P4_100/app/models/movie.rb": [
        1,
        null,
        1,
        null,
        1,
        null,
        2,
        null,
        null,
        null,
        1,
        5,
        null,
        null,
        1,
        3,
        3,
        3,
        null,
        2,
        1,
        null,
        null,
        1,
        1,
        null,
        0,
        null,
        null,
        null,
        null,
        null,
        null
      ]
    },
    "timestamp": 1359498626
  }
}
